incmod directory exists
Making bacio library
ls: cannot access '*.c': No such file or directory
ftn -c  -O3 -g -r8 -module /home/CMIP/prajeesh/iitm-esm//src/lib/incmod/w3emc_v2.0.5_d -I /home/CMIP/prajeesh/iitm-esm//src/lib/incmod/sigio_4 -I /home/CMIP/prajeesh/iitm-esm//src/lib/incmod/w3emc_v2.0.5_d gblevents.f
ftn -c  -O3 -g -r8 -module /home/CMIP/prajeesh/iitm-esm//src/lib/incmod/w3emc_v2.0.5_d -I /home/CMIP/prajeesh/iitm-esm//src/lib/incmod/sigio_4 -I /home/CMIP/prajeesh/iitm-esm//src/lib/incmod/w3emc_v2.0.5_d getgbens.f
ftn -c  -O3 -g -r8 -module /home/CMIP/prajeesh/iitm-esm//src/lib/incmod/w3emc_v2.0.5_d -I /home/CMIP/prajeesh/iitm-esm//src/lib/incmod/sigio_4 -I /home/CMIP/prajeesh/iitm-esm//src/lib/incmod/w3emc_v2.0.5_d isrchne.f
ftn -c  -O3 -g -r8 -module /home/CMIP/prajeesh/iitm-esm//src/lib/incmod/w3emc_v2.0.5_d -I /home/CMIP/prajeesh/iitm-esm//src/lib/incmod/sigio_4 -I /home/CMIP/prajeesh/iitm-esm//src/lib/incmod/w3emc_v2.0.5_d mova2i.f
ftn -c  -O3 -g -r8 -module /home/CMIP/prajeesh/iitm-esm//src/lib/incmod/w3emc_v2.0.5_d -I /home/CMIP/prajeesh/iitm-esm//src/lib/incmod/sigio_4 -I /home/CMIP/prajeesh/iitm-esm//src/lib/incmod/w3emc_v2.0.5_d putgbens.f
ftn -c  -O3 -g -r8 -module /home/CMIP/prajeesh/iitm-esm//src/lib/incmod/w3emc_v2.0.5_d -I /home/CMIP/prajeesh/iitm-esm//src/lib/incmod/sigio_4 -I /home/CMIP/prajeesh/iitm-esm//src/lib/incmod/w3emc_v2.0.5_d start.f
ftn -c  -O3 -g -r8 -module /home/CMIP/prajeesh/iitm-esm//src/lib/incmod/w3emc_v2.0.5_d -I /home/CMIP/prajeesh/iitm-esm//src/lib/incmod/sigio_4 -I /home/CMIP/prajeesh/iitm-esm//src/lib/incmod/w3emc_v2.0.5_d summary.f
ftn -c  -O3 -g -r8 -module /home/CMIP/prajeesh/iitm-esm//src/lib/incmod/w3emc_v2.0.5_d -I /home/CMIP/prajeesh/iitm-esm//src/lib/incmod/sigio_4 -I /home/CMIP/prajeesh/iitm-esm//src/lib/incmod/w3emc_v2.0.5_d w3fa06.f
ftn -c  -O3 -g -r8 -module /home/CMIP/prajeesh/iitm-esm//src/lib/incmod/w3emc_v2.0.5_d -I /home/CMIP/prajeesh/iitm-esm//src/lib/incmod/sigio_4 -I /home/CMIP/prajeesh/iitm-esm//src/lib/incmod/w3emc_v2.0.5_d w3fa11.f
ftn -c  -O3 -g -r8 -module /home/CMIP/prajeesh/iitm-esm//src/lib/incmod/w3emc_v2.0.5_d -I /home/CMIP/prajeesh/iitm-esm//src/lib/incmod/sigio_4 -I /home/CMIP/prajeesh/iitm-esm//src/lib/incmod/w3emc_v2.0.5_d w3fa12.f
ftn -c  -O3 -g -r8 -module /home/CMIP/prajeesh/iitm-esm//src/lib/incmod/w3emc_v2.0.5_d -I /home/CMIP/prajeesh/iitm-esm//src/lib/incmod/sigio_4 -I /home/CMIP/prajeesh/iitm-esm//src/lib/incmod/w3emc_v2.0.5_d w3fb06.f
ftn -c  -O3 -g -r8 -module /home/CMIP/prajeesh/iitm-esm//src/lib/incmod/w3emc_v2.0.5_d -I /home/CMIP/prajeesh/iitm-esm//src/lib/incmod/sigio_4 -I /home/CMIP/prajeesh/iitm-esm//src/lib/incmod/w3emc_v2.0.5_d w3fb09.f
ftn -c  -O3 -g -r8 -module /home/CMIP/prajeesh/iitm-esm//src/lib/incmod/w3emc_v2.0.5_d -I /home/CMIP/prajeesh/iitm-esm//src/lib/incmod/sigio_4 -I /home/CMIP/prajeesh/iitm-esm//src/lib/incmod/w3emc_v2.0.5_d w3fb11.f
ftn -c  -O3 -g -r8 -module /home/CMIP/prajeesh/iitm-esm//src/lib/incmod/w3emc_v2.0.5_d -I /home/CMIP/prajeesh/iitm-esm//src/lib/incmod/sigio_4 -I /home/CMIP/prajeesh/iitm-esm//src/lib/incmod/w3emc_v2.0.5_d w3fb12.f
ftn -c  -O3 -g -r8 -module /home/CMIP/prajeesh/iitm-esm//src/lib/incmod/w3emc_v2.0.5_d -I /home/CMIP/prajeesh/iitm-esm//src/lib/incmod/sigio_4 -I /home/CMIP/prajeesh/iitm-esm//src/lib/incmod/w3emc_v2.0.5_d w3fc05.f
ftn -c  -O3 -g -r8 -module /home/CMIP/prajeesh/iitm-esm//src/lib/incmod/w3emc_v2.0.5_d -I /home/CMIP/prajeesh/iitm-esm//src/lib/incmod/sigio_4 -I /home/CMIP/prajeesh/iitm-esm//src/lib/incmod/w3emc_v2.0.5_d w3fc06.f
ar -ruv   /home/CMIP/prajeesh/iitm-esm//src/lib/libw3emc_v2.0.5_d.a summary.o
ar -ruv   /home/CMIP/prajeesh/iitm-esm//src/lib/libw3emc_v2.0.5_d.a start.o
ar -ruv   /home/CMIP/prajeesh/iitm-esm//src/lib/libw3emc_v2.0.5_d.a putgbens.o
ar -ruv   /home/CMIP/prajeesh/iitm-esm//src/lib/libw3emc_v2.0.5_d.a mova2i.o
a - summary.o
rm -f summary.o
ftn -c  -O3 -g -r8 -module /home/CMIP/prajeesh/iitm-esm//src/lib/incmod/w3emc_v2.0.5_d -I /home/CMIP/prajeesh/iitm-esm//src/lib/incmod/sigio_4 -I /home/CMIP/prajeesh/iitm-esm//src/lib/incmod/w3emc_v2.0.5_d w3fc07.f
a - putgbens.o
a - mova2i.o
ar -ruv   /home/CMIP/prajeesh/iitm-esm//src/lib/libw3emc_v2.0.5_d.a getgbens.o
ar -ruv   /home/CMIP/prajeesh/iitm-esm//src/lib/libw3emc_v2.0.5_d.a w3fc05.o
ar -ruv   /home/CMIP/prajeesh/iitm-esm//src/lib/libw3emc_v2.0.5_d.a w3fc06.o
rm -f putgbens.o
rm -f mova2i.o
ar -ruv   /home/CMIP/prajeesh/iitm-esm//src/lib/libw3emc_v2.0.5_d.a w3fb09.o
ar -ruv   /home/CMIP/prajeesh/iitm-esm//src/lib/libw3emc_v2.0.5_d.a isrchne.o
ftn -c  -O3 -g -r8 -module /home/CMIP/prajeesh/iitm-esm//src/lib/incmod/w3emc_v2.0.5_d -I /home/CMIP/prajeesh/iitm-esm//src/lib/incmod/sigio_4 -I /home/CMIP/prajeesh/iitm-esm//src/lib/incmod/w3emc_v2.0.5_d w3fi02.f
ar -ruv   /home/CMIP/prajeesh/iitm-esm//src/lib/libw3emc_v2.0.5_d.a w3fb06.o
ar -ruv   /home/CMIP/prajeesh/iitm-esm//src/lib/libw3emc_v2.0.5_d.a w3fb11.o
ftn -c  -O3 -g -r8 -module /home/CMIP/prajeesh/iitm-esm//src/lib/incmod/w3emc_v2.0.5_d -I /home/CMIP/prajeesh/iitm-esm//src/lib/incmod/sigio_4 -I /home/CMIP/prajeesh/iitm-esm//src/lib/incmod/w3emc_v2.0.5_d w3fi18.f
ar -ruv   /home/CMIP/prajeesh/iitm-esm//src/lib/libw3emc_v2.0.5_d.a w3fa12.o
ar -ruv   /home/CMIP/prajeesh/iitm-esm//src/lib/libw3emc_v2.0.5_d.a w3fb12.o
ar -ruv   /home/CMIP/prajeesh/iitm-esm//src/lib/libw3emc_v2.0.5_d.a w3fa11.o
ar -ruv   /home/CMIP/prajeesh/iitm-esm//src/lib/libw3emc_v2.0.5_d.a w3fa06.o
gblevents.f(2227): error #7002: Error in opening the compiled module file.  Check INCLUDE paths.   [SIGIO_MODULE]
      USE SIGIO_MODULE
----------^
gblevents.f(2228): error #7002: Error in opening the compiled module file.  Check INCLUDE paths.   [SIGIO_R_MODULE]
      USE SIGIO_R_MODULE
----------^
gblevents.f(2235): error #6457: This derived type name has not been declared.   [SIGIO_HEAD]
      TYPE(SIGIO_HEAD) :: HEAD(2)
-----------^
gblevents.f(2236): error #6457: This derived type name has not been declared.   [SIGIO_DATS]
      TYPE(SIGIO_DATS) :: DATS
-----------^
gblevents.f(2237): error #6457: This derived type name has not been declared.   [SIGIO_DATM]
      TYPE(SIGIO_DATM) :: DATM
-----------^
gblevents.f(2295): error #6404: This name does not have a type, and must have an explicit type.   [HEAD]
         CALL SIGIO_RRHEAD(IUNIT4(IFILE),HEAD(IFILE),IRET1)
-----------------------------------------^
gblevents.f(2373): error #6362: The data types of the argument(s) are invalid.   [MOD]
      SFCPRESS_ID  = MOD(HEAD(1)%IDVM,TEN)
-------------------------^
gblevents.f(2503): error #6362: The data types of the argument(s) are invalid.   [MOD]
      SFCPRESS_ID  = MOD(HEAD(1)%IDVM,TEN)
-------------------------^
gblevents.f(2510): error #6404: This name does not have a type, and must have an explicit type.   [DATS]
         CALL SIGIO_ALDATS(HEAD(IFILE),DATS,IRETS)
---------------------------------------^
gblevents.f(2511): error #6404: This name does not have a type, and must have an explicit type.   [DATM]
         CALL SIGIO_ALDATM(HEAD(IFILE),ONE,KM4,DATM,IRETS)
-----------------------------------------------^
gblevents.f(2521): error #6460: This is not a field name that is defined in the encompassing structure.   [HS]
            COFS_F(I,1,IFILE) = DATS%HS(I)
-------------------------------------^
gblevents.f(2522): error #6460: This is not a field name that is defined in the encompassing structure.   [PS]
            COFS_F(I,2,IFILE) = DATS%PS(I)
-------------------------------------^
gblevents.f(2534): error #6460: This is not a field name that is defined in the encompassing structure.   [T]
         COFS_F(:,3:IE,IFILE)        = DATM%T
--------------------------------------------^
gblevents.f(2538): error #6460: This is not a field name that is defined in the encompassing structure.   [Q]
           COFS_F(:,IB:IE,IFILE) = DATM%Q(:,1:KMAX,I)
----------------------------------------^
gblevents.f(2540): error #6460: This is not a field name that is defined in the encompassing structure.   [D]
         COFV_F(:,:,1,IFILE)             = DATM%D
------------------------------------------------^
gblevents.f(2541): error #6460: This is not a field name that is defined in the encompassing structure.   [Z]
         COFV_F(:,:,2,IFILE)             = DATM%Z
------------------------------------------------^
gblevents.f(2593): error #6632: Keyword arguments are invalid without an explicit interface.   [PM]
     $                 GRDS(1,1,2),GRDS(1,1,3),PM=WRK1,PD=WRK2(1,2))
-----------------------------------------------^
gblevents.f(2593): error #6632: Keyword arguments are invalid without an explicit interface.   [PD]
     $                 GRDS(1,1,2),GRDS(1,1,3),PM=WRK1,PD=WRK2(1,2))
-------------------------------------------------------^
a - getgbens.o
a - start.o
rm -f getgbens.o
rm -f start.o
ftn -c  -O3 -g -r8 -module /home/CMIP/prajeesh/iitm-esm//src/lib/incmod/w3emc_v2.0.5_d -I /home/CMIP/prajeesh/iitm-esm//src/lib/incmod/sigio_4 -I /home/CMIP/prajeesh/iitm-esm//src/lib/incmod/w3emc_v2.0.5_d w3fi61.f
a - w3fb09.o
a - w3fc06.o
a - w3fc05.o
a - isrchne.o
rm -f w3fc05.o
rm -f w3fc06.o
rm -f w3fb09.o
rm -f isrchne.o
ftn -c  -O3 -g -r8 -module /home/CMIP/prajeesh/iitm-esm//src/lib/incmod/w3emc_v2.0.5_d -I /home/CMIP/prajeesh/iitm-esm//src/lib/incmod/sigio_4 -I /home/CMIP/prajeesh/iitm-esm//src/lib/incmod/w3emc_v2.0.5_d w3fi65.f
a - w3fb06.o
a - w3fb11.o
a - w3fa12.o
a - w3fb12.o
a - w3fa06.o
rm -f w3fb06.o
rm -f w3fb11.o
rm -f w3fa12.o
rm -f w3fb12.o
rm -f w3fa06.o
ftn -c  -O3 -g -r8 -module /home/CMIP/prajeesh/iitm-esm//src/lib/incmod/w3emc_v2.0.5_d -I /home/CMIP/prajeesh/iitm-esm//src/lib/incmod/sigio_4 -I /home/CMIP/prajeesh/iitm-esm//src/lib/incmod/w3emc_v2.0.5_d w3fp06.f
ftn -c  -O3 -g -r8 -module /home/CMIP/prajeesh/iitm-esm//src/lib/incmod/w3emc_v2.0.5_d -I /home/CMIP/prajeesh/iitm-esm//src/lib/incmod/sigio_4 -I /home/CMIP/prajeesh/iitm-esm//src/lib/incmod/w3emc_v2.0.5_d w3fq07.f
ftn -c  -O3 -g -r8 -module /home/CMIP/prajeesh/iitm-esm//src/lib/incmod/w3emc_v2.0.5_d -I /home/CMIP/prajeesh/iitm-esm//src/lib/incmod/sigio_4 -I /home/CMIP/prajeesh/iitm-esm//src/lib/incmod/w3emc_v2.0.5_d w3ft01.f
ftn -c  -O3 -g -r8 -module /home/CMIP/prajeesh/iitm-esm//src/lib/incmod/w3emc_v2.0.5_d -I /home/CMIP/prajeesh/iitm-esm//src/lib/incmod/sigio_4 -I /home/CMIP/prajeesh/iitm-esm//src/lib/incmod/w3emc_v2.0.5_d w3ft03.f
ar -ruv   /home/CMIP/prajeesh/iitm-esm//src/lib/libw3emc_v2.0.5_d.a w3fc07.o
ftn -c  -O3 -g -r8 -module /home/CMIP/prajeesh/iitm-esm//src/lib/incmod/w3emc_v2.0.5_d -I /home/CMIP/prajeesh/iitm-esm//src/lib/incmod/sigio_4 -I /home/CMIP/prajeesh/iitm-esm//src/lib/incmod/w3emc_v2.0.5_d w3ft06v.f
ftn -c  -O3 -g -r8 -module /home/CMIP/prajeesh/iitm-esm//src/lib/incmod/w3emc_v2.0.5_d -I /home/CMIP/prajeesh/iitm-esm//src/lib/incmod/sigio_4 -I /home/CMIP/prajeesh/iitm-esm//src/lib/incmod/w3emc_v2.0.5_d w3ft09.f
ar -ruv   /home/CMIP/prajeesh/iitm-esm//src/lib/libw3emc_v2.0.5_d.a w3fi02.o
ar -ruv   /home/CMIP/prajeesh/iitm-esm//src/lib/libw3emc_v2.0.5_d.a w3fi18.o
ftn -c  -O3 -g -r8 -module /home/CMIP/prajeesh/iitm-esm//src/lib/incmod/w3emc_v2.0.5_d -I /home/CMIP/prajeesh/iitm-esm//src/lib/incmod/sigio_4 -I /home/CMIP/prajeesh/iitm-esm//src/lib/incmod/w3emc_v2.0.5_d w3ft204.f
ftn -c  -O3 -g -r8 -module /home/CMIP/prajeesh/iitm-esm//src/lib/incmod/w3emc_v2.0.5_d -I /home/CMIP/prajeesh/iitm-esm//src/lib/incmod/sigio_4 -I /home/CMIP/prajeesh/iitm-esm//src/lib/incmod/w3emc_v2.0.5_d w3ft205.f
ftn -c  -O3 -g -r8 -module /home/CMIP/prajeesh/iitm-esm//src/lib/incmod/w3emc_v2.0.5_d -I /home/CMIP/prajeesh/iitm-esm//src/lib/incmod/sigio_4 -I /home/CMIP/prajeesh/iitm-esm//src/lib/incmod/w3emc_v2.0.5_d w3ft209.f
a - w3fc07.o
rm -f w3fc07.o
ftn -c  -O3 -g -r8 -module /home/CMIP/prajeesh/iitm-esm//src/lib/incmod/w3emc_v2.0.5_d -I /home/CMIP/prajeesh/iitm-esm//src/lib/incmod/sigio_4 -I /home/CMIP/prajeesh/iitm-esm//src/lib/incmod/w3emc_v2.0.5_d w3ft210.f
a - w3fi02.o
a - w3fi18.o
rm -f w3fi02.o
rm -f w3fi18.o
ftn -c  -O3 -g -r8 -module /home/CMIP/prajeesh/iitm-esm//src/lib/incmod/w3emc_v2.0.5_d -I /home/CMIP/prajeesh/iitm-esm//src/lib/incmod/sigio_4 -I /home/CMIP/prajeesh/iitm-esm//src/lib/incmod/w3emc_v2.0.5_d w3ft211.f
ftn -c  -O3 -g -r8 -module /home/CMIP/prajeesh/iitm-esm//src/lib/incmod/w3emc_v2.0.5_d -I /home/CMIP/prajeesh/iitm-esm//src/lib/incmod/sigio_4 -I /home/CMIP/prajeesh/iitm-esm//src/lib/incmod/w3emc_v2.0.5_d w3ft212.f
ar -ruv   /home/CMIP/prajeesh/iitm-esm//src/lib/libw3emc_v2.0.5_d.a w3fi61.o
a - w3fi61.o
rm -f w3fi61.o
ftn -c  -O3 -g -r8 -module /home/CMIP/prajeesh/iitm-esm//src/lib/incmod/w3emc_v2.0.5_d -I /home/CMIP/prajeesh/iitm-esm//src/lib/incmod/sigio_4 -I /home/CMIP/prajeesh/iitm-esm//src/lib/incmod/w3emc_v2.0.5_d w3ft213.f
a - w3fa11.o
rm -f w3fa11.o
ftn -c  -O3 -g -r8 -module /home/CMIP/prajeesh/iitm-esm//src/lib/incmod/w3emc_v2.0.5_d -I /home/CMIP/prajeesh/iitm-esm//src/lib/incmod/sigio_4 -I /home/CMIP/prajeesh/iitm-esm//src/lib/incmod/w3emc_v2.0.5_d w3ft214.f
ar -ruv   /home/CMIP/prajeesh/iitm-esm//src/lib/libw3emc_v2.0.5_d.a w3ft09.o
a - w3ft09.o
rm -f w3ft09.o
ftn -c  -O3 -g -r8 -module /home/CMIP/prajeesh/iitm-esm//src/lib/incmod/w3emc_v2.0.5_d -I /home/CMIP/prajeesh/iitm-esm//src/lib/incmod/sigio_4 -I /home/CMIP/prajeesh/iitm-esm//src/lib/incmod/w3emc_v2.0.5_d w3ft21.f
ar -ruv   /home/CMIP/prajeesh/iitm-esm//src/lib/libw3emc_v2.0.5_d.a w3fi65.o
ar -ruv   /home/CMIP/prajeesh/iitm-esm//src/lib/libw3emc_v2.0.5_d.a w3fq07.o
a - w3fi65.o
rm -f w3fi65.o
ftn -c  -O3 -g -r8 -module /home/CMIP/prajeesh/iitm-esm//src/lib/incmod/w3emc_v2.0.5_d -I /home/CMIP/prajeesh/iitm-esm//src/lib/incmod/sigio_4 -I /home/CMIP/prajeesh/iitm-esm//src/lib/incmod/w3emc_v2.0.5_d w3ft26.f
a - w3fq07.o
rm -f w3fq07.o
ftn -c  -O3 -g -r8 -module /home/CMIP/prajeesh/iitm-esm//src/lib/incmod/w3emc_v2.0.5_d -I /home/CMIP/prajeesh/iitm-esm//src/lib/incmod/sigio_4 -I /home/CMIP/prajeesh/iitm-esm//src/lib/incmod/w3emc_v2.0.5_d w3ft33.f
ar -ruv   /home/CMIP/prajeesh/iitm-esm//src/lib/libw3emc_v2.0.5_d.a w3fp06.o
ar -ruv   /home/CMIP/prajeesh/iitm-esm//src/lib/libw3emc_v2.0.5_d.a w3ft204.o
a - w3fp06.o
rm -f w3fp06.o
ftn -c  -O3 -g -r8 -module /home/CMIP/prajeesh/iitm-esm//src/lib/incmod/w3emc_v2.0.5_d -I /home/CMIP/prajeesh/iitm-esm//src/lib/incmod/sigio_4 -I /home/CMIP/prajeesh/iitm-esm//src/lib/incmod/w3emc_v2.0.5_d w3ft38.f
a - w3ft204.o
rm -f w3ft204.o
ftn -c  -O3 -g -r8 -module /home/CMIP/prajeesh/iitm-esm//src/lib/incmod/w3emc_v2.0.5_d -I /home/CMIP/prajeesh/iitm-esm//src/lib/incmod/sigio_4 -I /home/CMIP/prajeesh/iitm-esm//src/lib/incmod/w3emc_v2.0.5_d w3ft39.f
ar -ruv   /home/CMIP/prajeesh/iitm-esm//src/lib/libw3emc_v2.0.5_d.a w3ft26.o
ar -ruv   /home/CMIP/prajeesh/iitm-esm//src/lib/libw3emc_v2.0.5_d.a w3ft21.o
a - w3ft26.o
rm -f w3ft26.o
ar -ruv   /home/CMIP/prajeesh/iitm-esm//src/lib/libw3emc_v2.0.5_d.a w3ft33.o
a - w3ft21.o
ftn -c  -O3 -g -r8 -module /home/CMIP/prajeesh/iitm-esm//src/lib/incmod/w3emc_v2.0.5_d -I /home/CMIP/prajeesh/iitm-esm//src/lib/incmod/sigio_4 -I /home/CMIP/prajeesh/iitm-esm//src/lib/incmod/w3emc_v2.0.5_d w3ft40.f
rm -f w3ft21.o
ftn -c  -O3 -g -r8 -module /home/CMIP/prajeesh/iitm-esm//src/lib/incmod/w3emc_v2.0.5_d -I /home/CMIP/prajeesh/iitm-esm//src/lib/incmod/sigio_4 -I /home/CMIP/prajeesh/iitm-esm//src/lib/incmod/w3emc_v2.0.5_d w3ft41.f
a - w3ft33.o
rm -f w3ft33.o
ftn -c  -O3 -g -r8 -module /home/CMIP/prajeesh/iitm-esm//src/lib/incmod/w3emc_v2.0.5_d -I /home/CMIP/prajeesh/iitm-esm//src/lib/incmod/sigio_4 -I /home/CMIP/prajeesh/iitm-esm//src/lib/incmod/w3emc_v2.0.5_d w3ft43v.f
ar -ruv   /home/CMIP/prajeesh/iitm-esm//src/lib/libw3emc_v2.0.5_d.a w3ft38.o
ar -ruv   /home/CMIP/prajeesh/iitm-esm//src/lib/libw3emc_v2.0.5_d.a w3ft39.o
a - w3ft38.o
a - w3ft39.o
rm -f w3ft38.o
rm -f w3ft39.o
ftn -c  -O3 -g -r8 -module /home/CMIP/prajeesh/iitm-esm//src/lib/incmod/w3emc_v2.0.5_d -I /home/CMIP/prajeesh/iitm-esm//src/lib/incmod/sigio_4 -I /home/CMIP/prajeesh/iitm-esm//src/lib/incmod/w3emc_v2.0.5_d w3log.f
ftn -c  -O3 -g -r8 -module /home/CMIP/prajeesh/iitm-esm//src/lib/incmod/w3emc_v2.0.5_d -I /home/CMIP/prajeesh/iitm-esm//src/lib/incmod/sigio_4 -I /home/CMIP/prajeesh/iitm-esm//src/lib/incmod/w3emc_v2.0.5_d w3miscan.f
ar -ruv   /home/CMIP/prajeesh/iitm-esm//src/lib/libw3emc_v2.0.5_d.a w3ft40.o
a - w3ft40.o
rm -f w3ft40.o
ftn -c  -O3 -g -r8 -module /home/CMIP/prajeesh/iitm-esm//src/lib/incmod/w3emc_v2.0.5_d -I /home/CMIP/prajeesh/iitm-esm//src/lib/incmod/sigio_4 -I /home/CMIP/prajeesh/iitm-esm//src/lib/incmod/w3emc_v2.0.5_d xdopen.f
ar -ruv   /home/CMIP/prajeesh/iitm-esm//src/lib/libw3emc_v2.0.5_d.a w3log.o
a - w3log.o
rm -f w3log.o
ar -ruv   /home/CMIP/prajeesh/iitm-esm//src/lib/libw3emc_v2.0.5_d.a w3ft41.o
ar -ruv   /home/CMIP/prajeesh/iitm-esm//src/lib/libw3emc_v2.0.5_d.a xdopen.o
a - xdopen.o
rm -f xdopen.o
a - w3ft41.o
rm -f w3ft41.o
ar -ruv   /home/CMIP/prajeesh/iitm-esm//src/lib/libw3emc_v2.0.5_d.a w3ft03.o
a - w3ft03.o
rm -f w3ft03.o
ar -ruv   /home/CMIP/prajeesh/iitm-esm//src/lib/libw3emc_v2.0.5_d.a w3ft210.o
ar -ruv   /home/CMIP/prajeesh/iitm-esm//src/lib/libw3emc_v2.0.5_d.a w3ft212.o
ar -ruv   /home/CMIP/prajeesh/iitm-esm//src/lib/libw3emc_v2.0.5_d.a w3ft211.o
ar -ruv   /home/CMIP/prajeesh/iitm-esm//src/lib/libw3emc_v2.0.5_d.a w3ft209.o
a - w3ft210.o
rm -f w3ft210.o
a - w3ft212.o
rm -f w3ft212.o
a - w3ft211.o
rm -f w3ft211.o
ar -ruv   /home/CMIP/prajeesh/iitm-esm//src/lib/libw3emc_v2.0.5_d.a w3ft06v.o
a - w3ft209.o
rm -f w3ft209.o
a - w3ft06v.o
rm -f w3ft06v.o
ar -ruv   /home/CMIP/prajeesh/iitm-esm//src/lib/libw3emc_v2.0.5_d.a w3ft214.o
ar -ruv   /home/CMIP/prajeesh/iitm-esm//src/lib/libw3emc_v2.0.5_d.a w3ft213.o
a - w3ft214.o
rm -f w3ft214.o
a - w3ft213.o
rm -f w3ft213.o
compilation aborted for gblevents.f (code 1)
make.libw3:6: recipe for target '/home/CMIP/prajeesh/iitm-esm//src/lib/libw3emc_v2.0.5_d.a(gblevents.o)' failed
make: *** [/home/CMIP/prajeesh/iitm-esm//src/lib/libw3emc_v2.0.5_d.a(gblevents.o)] Error 1
make: *** Waiting for unfinished jobs....
ar -ruv   /home/CMIP/prajeesh/iitm-esm//src/lib/libw3emc_v2.0.5_d.a w3miscan.o
ar -ruv   /home/CMIP/prajeesh/iitm-esm//src/lib/libw3emc_v2.0.5_d.a w3ft43v.o
a - w3miscan.o
rm -f w3miscan.o
a - w3ft43v.o
rm -f w3ft43v.o
ar -ruv   /home/CMIP/prajeesh/iitm-esm//src/lib/libw3emc_v2.0.5_d.a w3ft205.o
a - w3ft205.o
rm -f w3ft205.o
ar -ruv   /home/CMIP/prajeesh/iitm-esm//src/lib/libw3emc_v2.0.5_d.a w3ft01.o
a - w3ft01.o
rm -f w3ft01.o
