
MPP module $Id mpp.F90 $$Name: mom4p1_pubrel_dec2009_nnz $
MPP started with NPES=     1
Using no library for message passing...
Realtime clock resolution=  1.0000E-04 sec (     10000 ticks/sec)
Clock rolls over after   2.1475E+05 sec (          2147483647 ticks)

MPP_DOMAINS module $Id: mpp_domains.F90,v 16.0.6.2.2.1.2.1.2.2.4.4.2.1 2009/11/19 14:23:17 z1l Exp $$Name: mom4p1_pubrel_dec2009_nnz $
 &MPP_IO_NML
 HEADER_BUFFER_VAL       =       16384,
 GLOBAL_FIELD_ON_ROOT_PE = T,
 IO_CLOCKS_ON    = F
 /

MPP_IO module $Id: mpp_io.F90,v 16.0.8.2.2.2.4.1.6.1.2.1 2009/10/16 19:16:45 z1l Exp $
MPP_IO module $Name: mom4p1_pubrel_dec2009_nnz $

Using netCDF library version 4.1.3 of Feb  9 2015 12:45:27 $
 &FMS_IO_NML
 FMS_NETCDF_OVERRIDE     = T,
 FMS_NETCDF_RESTART      = T,
 THREADING_READ  = multi                           ,
 THREADING_WRITE = multi                           ,
 FILESET_WRITE   = multi                           ,
 FORMAT  = netcdf                          ,
 READ_ALL_PE     = T,
 IOSPEC_IEEE32   = -N ieee_32                                                      ,
 MAX_FILES_W     =          40,
 MAX_FILES_R     =          40,
 READ_DATA_BUG   = F,
 TIME_STAMP_RESTART      = T,
 PRINT_CHKSUM    = F
 /

================================================================================
$Id: fms_io.F90,v 17.0.2.2.4.1 2009/10/21 22:27:51 z1l Exp $
$Name: mom4p1_pubrel_dec2009_nnz $

================================================================================
$Id: fms.F90,v 17.0 2009/07/21 03:19:19 fms Exp $
$Name: mom4p1_pubrel_dec2009_nnz $
 &FMS_NML
 READ_ALL_PE     = T,
 CLOCK_GRAIN     = NONE            ,
 CLOCK_FLAGS     = NONE            ,
 WARNING_LEVEL   = warning ,
 IOSPEC_IEEE32   = -N ieee_32                                                      ,
 STACK_SIZE      =           0,
 DOMAINS_STACK_SIZE      =           0,
 PRINT_MEMORY_USAGE      = F
 /
 nml_error_codes=           0

================================================================================
$Id: constants.F90,v 17.0 2009/07/21 03:18:26 fms Exp $
$Name: mom4p1_pubrel_dec2009_nnz $

================================================================================
CVS $Id: regrid_2d.f90,v 14.0 2007/03/15 22:47:20 fms Exp $
Tag $Name: mom4p1_pubrel_dec2009_nnz $
